> Task :framework:compileJava UP-TO-DATE
> Task :framework:processResources UP-TO-DATE
> Task :framework:classes UP-TO-DATE

> Task :framework:javadoc
D:\work\ui_test\WebUIAutoamtion\framework\src\main\java\com\github\smoketest\util\testNG\log\EventLog.java:27: 警告: @param 没有说明
	 * @param by
	   ^
D:\work\ui_test\WebUIAutoamtion\framework\src\main\java\com\github\smoketest\util\testNG\log\EventLog.java:28: 警告: @param 没有说明
	 * @param _value
	   ^
D:\work\ui_test\WebUIAutoamtion\framework\src\main\java\com\github\smoketest\util\testNG\log\EventLog.java:29: 警告: @return 没有说明
	 * @return
	   ^
D:\work\ui_test\WebUIAutoamtion\framework\src\main\java\com\github\smoketest\util\testNG\log\EventLog.java:50: 警告: @param 没有说明
	 * @param by
	   ^
D:\work\ui_test\WebUIAutoamtion\framework\src\main\java\com\github\smoketest\util\testNG\log\EventLog.java:51: 警告: @return 没有说明
	 * @return
	   ^
D:\work\ui_test\WebUIAutoamtion\framework\src\main\java\com\github\smoketest\util\testNG\log\Logger.java:32: 警告: @param 没有说明
	 * @param message
	   ^
D:\work\ui_test\WebUIAutoamtion\framework\src\main\java\com\github\smoketest\util\testNG\log\Logger.java:40: 警告: @param 没有说明
	 * @param e
	   ^
D:\work\ui_test\WebUIAutoamtion\framework\src\main\java\com\github\smoketest\launcher\seleLauncher\LocalExecuteTest.java:52: 警告: @param 没有说明
	 * @param webroot
	   ^
D:\work\ui_test\WebUIAutoamtion\framework\src\main\java\com\github\smoketest\launcher\seleLauncher\LocalExecuteTest.java:53: 警告: @param 没有说明
	 * @param scenes
	   ^
D:\work\ui_test\WebUIAutoamtion\framework\src\main\java\com\github\smoketest\launcher\seleLauncher\LocalExecuteTest.java:54: 警告: @param 没有说明
	 * @param defaultWaitSeconds
	   ^
D:\work\ui_test\WebUIAutoamtion\framework\src\main\java\com\github\smoketest\launcher\seleLauncher\LocalExecuteTest.java:55: 警告: @param 没有说明
	 * @param publicDriver
	   ^
D:\work\ui_test\WebUIAutoamtion\framework\src\main\java\com\github\smoketest\launcher\BaseLauncher.java:38: 警告: @throws 没有说明
	 * @throws MalformedURLException
	   ^
D:\work\ui_test\WebUIAutoamtion\framework\src\main\java\com\github\smoketest\launcher\BaseLauncher.java:78: 警告: @throws 没有说明
	 * @throws MalformedURLException
	   ^
D:\work\ui_test\WebUIAutoamtion\framework\src\main\java\com\github\smoketest\launcher\BaseLauncher.java:84: 警告: @throws 没有说明
	 * @throws MalformedURLException
	   ^
D:\work\ui_test\WebUIAutoamtion\framework\src\main\java\com\github\smoketest\launcher\BaseLauncher.java:107: 警告: @param 没有说明
	 * @param _browser
	   ^
D:\work\ui_test\WebUIAutoamtion\framework\src\main\java\com\github\smoketest\launcher\BaseLauncher.java:108: 警告: @param 没有说明
	 * @param defaultWaitSeconds
	   ^
D:\work\ui_test\WebUIAutoamtion\framework\src\main\java\com\github\smoketest\launcher\BaseLauncher.java:109: 警告: @param 没有说明
	 * @param _publicDriver
	   ^
D:\work\ui_test\WebUIAutoamtion\framework\src\main\java\com\github\smoketest\launcher\BaseLauncher.java:123: 警告: @param 没有说明
	 * @param _remoteIp
	   ^
D:\work\ui_test\WebUIAutoamtion\framework\src\main\java\com\github\smoketest\launcher\BaseLauncher.java:124: 警告: @param 没有说明
	 * @param _remotePort
	   ^
D:\work\ui_test\WebUIAutoamtion\framework\src\main\java\com\github\smoketest\launcher\BaseLauncher.java:142: 警告: @return 没有说明
	 * @return
	   ^
D:\work\ui_test\WebUIAutoamtion\framework\src\main\java\com\github\smoketest\launcher\BaseLauncher.java:154: 警告: @return 没有说明
	 * @return
	   ^
D:\work\ui_test\WebUIAutoamtion\framework\src\main\java\com\github\smoketest\launcher\BaseLauncher.java:166: 警告: @return 没有说明
	 * @return
	   ^
D:\work\ui_test\WebUIAutoamtion\framework\src\main\java\com\github\smoketest\launcher\BaseLauncher.java:178: 警告: @return 没有说明
	 * @return
	   ^
D:\work\ui_test\WebUIAutoamtion\framework\src\main\java\com\github\smoketest\launcher\BaseLauncher.java:190: 警告: @return 没有说明
	 * @return
	   ^
D:\work\ui_test\WebUIAutoamtion\framework\src\main\java\com\github\smoketest\launcher\seleLauncher\RemoteExecuteTest.java:37: 警告: @param 没有说明
	 * @param webroot
	   ^
D:\work\ui_test\WebUIAutoamtion\framework\src\main\java\com\github\smoketest\launcher\seleLauncher\RemoteExecuteTest.java:38: 警告: @param 没有说明
	 * @param scenes
	   ^
D:\work\ui_test\WebUIAutoamtion\framework\src\main\java\com\github\smoketest\launcher\seleLauncher\RemoteExecuteTest.java:39: 警告: @param 没有说明
	 * @param remoteIp
	   ^
D:\work\ui_test\WebUIAutoamtion\framework\src\main\java\com\github\smoketest\launcher\seleLauncher\RemoteExecuteTest.java:40: 警告: @param 没有说明
	 * @param remotePort
	   ^
D:\work\ui_test\WebUIAutoamtion\framework\src\main\java\com\github\smoketest\launcher\seleLauncher\RemoteExecuteTest.java:41: 警告: @param 没有说明
	 * @param defaultWaitSeconds
	   ^
D:\work\ui_test\WebUIAutoamtion\framework\src\main\java\com\github\smoketest\launcher\seleLauncher\RemoteExecuteTest.java:42: 警告: @param 没有说明
	 * @param publicDriver
	   ^
D:\work\ui_test\WebUIAutoamtion\framework\src\main\java\com\github\smoketest\launcher\seleLauncher\RemoteExecuteTest.java:56: 警告: @param 没有说明
	 * @param webroot
	   ^
D:\work\ui_test\WebUIAutoamtion\framework\src\main\java\com\github\smoketest\launcher\seleLauncher\RemoteExecuteTest.java:57: 警告: @param 没有说明
	 * @param scenes
	   ^
D:\work\ui_test\WebUIAutoamtion\framework\src\main\java\com\github\smoketest\launcher\seleLauncher\RemoteExecuteTest.java:58: 警告: @param 没有说明
	 * @param remoteIp
	   ^
D:\work\ui_test\WebUIAutoamtion\framework\src\main\java\com\github\smoketest\launcher\seleLauncher\RemoteExecuteTest.java:59: 警告: @param 没有说明
	 * @param remotePort
	   ^
D:\work\ui_test\WebUIAutoamtion\framework\src\main\java\com\github\smoketest\launcher\seleLauncher\RemoteExecuteTest.java:60: 警告: @param 没有说明
	 * @param defaultWaitSeconds
	   ^
D:\work\ui_test\WebUIAutoamtion\framework\src\main\java\com\github\smoketest\launcher\seleLauncher\RemoteExecuteTest.java:61: 警告: @param 没有说明
	 * @param publicDriver
	   ^
D:\work\ui_test\WebUIAutoamtion\framework\src\main\java\com\github\smoketest\testScene\ITestScene.java:28: 警告: @return 没有说明
	 * @return
	   ^
D:\work\ui_test\WebUIAutoamtion\framework\src\main\java\com\github\smoketest\util\CommonUtil.java:26: 警告: @param 没有说明
	 * @param seconds
	   ^
D:\work\ui_test\WebUIAutoamtion\framework\src\main\java\com\github\smoketest\event\ElementAssertEvent.java:79: 警告: @param 没有说明
	 * @param expectValue
	   ^
D:\work\ui_test\WebUIAutoamtion\framework\src\main\java\com\github\smoketest\event\ElementAssertEvent.java:104: 警告: @param 没有说明
	 * @param expectValue
	   ^
D:\work\ui_test\WebUIAutoamtion\framework\src\main\java\com\github\smoketest\event\ElementAssertEvent.java:128: 警告: @param 没有说明
	 * @param expectValue
	   ^
D:\work\ui_test\WebUIAutoamtion\framework\src\main\java\com\github\smoketest\event\invoke\Invoker.java:36: 警告: @throws 没有说明
	 * @throws RuntimeException
	   ^
D:\work\ui_test\WebUIAutoamtion\framework\src\main\java\com\github\smoketest\event\invoke\Invoker.java:38: 警告: <T>没有 @param
	public static <T> void i(OneParaInvoker<T> f, T param) throws RuntimeException {
	                       ^
D:\work\ui_test\WebUIAutoamtion\framework\src\main\java\com\github\smoketest\event\invoke\Invoker.java:54: 警告: @throws 没有说明
	 * @throws RuntimeException
	   ^
D:\work\ui_test\WebUIAutoamtion\framework\src\main\java\com\github\smoketest\event\invoke\Invoker.java:56: 警告: <T>没有 @param
	public static <T, V> void i(TwoParaInvoker<T, V> f, T param1, V param2) throws RuntimeException {
	                          ^
D:\work\ui_test\WebUIAutoamtion\framework\src\main\java\com\github\smoketest\event\invoke\Invoker.java:56: 警告: <V>没有 @param
	public static <T, V> void i(TwoParaInvoker<T, V> f, T param1, V param2) throws RuntimeException {
	                          ^
46 个警告

BUILD SUCCESSFUL in 3s
3 actionable tasks: 1 executed, 2 up-to-date
